<?xml version="1.0" encoding="UTF-8"?>
<testng-results ignored="0" total="4" passed="4" failed="0" skipped="0">
  <reporter-output>
  </reporter-output>
  <suite started-at="2020-10-25T19:45:51 NZDT" name="Suite" finished-at="2020-10-25T19:46:31 NZDT" duration-ms="39618">
    <groups>
    </groups>
    <test started-at="2020-10-25T19:45:51 NZDT" name="Test" finished-at="2020-10-25T19:46:31 NZDT" duration-ms="39618">
      <class name="Newpackage.CeloAuto">
        <test-method is-config="true" signature="setUp()[pri:0, instance:Newpackage.CeloAuto@75f32542]" started-at="2020-10-25T19:45:52 NZDT" name="setUp" finished-at="2020-10-25T19:45:57 NZDT" duration-ms="5245" status="PASS">
          <reporter-output>
          </reporter-output>
        </test-method> <!-- setUp -->
        <test-method signature="loginApplication()[pri:1, instance:Newpackage.CeloAuto@75f32542]" started-at="2020-10-25T19:45:57 NZDT" name="loginApplication" finished-at="2020-10-25T19:46:05 NZDT" duration-ms="8525" status="PASS">
          <reporter-output>
          </reporter-output>
        </test-method> <!-- loginApplication -->
        <test-method signature="setupPin()[pri:2, instance:Newpackage.CeloAuto@75f32542]" started-at="2020-10-25T19:46:05 NZDT" name="setupPin" finished-at="2020-10-25T19:46:09 NZDT" duration-ms="3922" status="PASS">
          <reporter-output>
          </reporter-output>
        </test-method> <!-- setupPin -->
        <test-method signature="sendMessage_ExistingConversation()[pri:3, instance:Newpackage.CeloAuto@75f32542]" started-at="2020-10-25T19:46:09 NZDT" name="sendMessage_ExistingConversation" finished-at="2020-10-25T19:46:22 NZDT" duration-ms="12627" status="PASS">
          <reporter-output>
          </reporter-output>
        </test-method> <!-- sendMessage_ExistingConversation -->
        <test-method signature="Logout()[pri:4, instance:Newpackage.CeloAuto@75f32542]" started-at="2020-10-25T19:46:22 NZDT" name="Logout" finished-at="2020-10-25T19:46:24 NZDT" duration-ms="2311" status="PASS">
          <reporter-output>
          </reporter-output>
        </test-method> <!-- Logout -->
        <test-method is-config="true" signature="Teardown()[pri:0, instance:Newpackage.CeloAuto@75f32542]" started-at="2020-10-25T19:46:24 NZDT" name="Teardown" finished-at="2020-10-25T19:46:31 NZDT" duration-ms="6825" status="PASS">
          <reporter-output>
          </reporter-output>
        </test-method> <!-- Teardown -->
      </class> <!-- Newpackage.CeloAuto -->
    </test> <!-- Test -->
  </suite> <!-- Suite -->
</testng-results>
