<?xml version="1.0" encoding="UTF-8"?>
<!-- Generated by org.testng.reporters.JUnitXMLReporter -->
<testsuite ignored="0" hostname="VDX4696" failures="0" tests="4" name="Test" time="39.618" errors="0" timestamp="2020-10-25T19:46:31 NZDT">
  <testcase classname="Newpackage.CeloAuto" name="loginApplication" time="8.525"/>
  <testcase classname="Newpackage.CeloAuto" name="setupPin" time="3.922"/>
  <testcase classname="Newpackage.CeloAuto" name="sendMessage_ExistingConversation" time="12.627"/>
  <testcase classname="Newpackage.CeloAuto" name="Logout" time="2.311"/>
</testsuite> <!-- Test -->
