<?xml version="1.0" encoding="UTF-8"?>
<!-- Generated by org.testng.reporters.JUnitXMLReporter -->
<testsuite ignored="0" hostname="VDX4696" failures="0" tests="4" name="Default test" time="53.265" errors="0" timestamp="2020-10-25T19:45:42 NZDT">
  <testcase classname="Newpackage.CeloAuto" name="loginApplication" time="14.014"/>
  <testcase classname="Newpackage.CeloAuto" name="setupPin" time="5.386"/>
  <testcase classname="Newpackage.CeloAuto" name="sendMessage_ExistingConversation" time="12.447"/>
  <testcase classname="Newpackage.CeloAuto" name="Logout" time="1.654"/>
</testsuite> <!-- Default test -->
